<?xml version="1.0" encoding="UTF-8"?>
<!-- Generated by org.testng.reporters.JUnitXMLReporter -->
<testsuite hostname="ACLA017P2850" ignored="0" name="Default test" tests="5" failures="0" timestamp="04 Oct 2019 11:52:24 GMT" time="26.562" errors="0">
  <testcase name="launchVWOApplication" time="13.033" classname="wingify.task1.TestRunner"/>
  <testcase name="launchHeatMap" time="2.061" classname="wingify.task1.TestRunner"/>
  <testcase name="verifyHeatMap" time="11.005" classname="wingify.task1.TestRunner"/>
  <testcase name="clickOnElementTab" time="0.274" classname="wingify.task1.TestRunner"/>
  <testcase name="verifyElementTabIsHighlighted" time="0.156" classname="wingify.task1.TestRunner"/>
</testsuite> <!-- Default test -->
